<?xml version="1.0" encoding="UTF-8"?>
<TestRun id="cfb022d5-060d-4c8a-9588-e3ba7f5479da" name="Javi@JAVI-PC 2010-11-20 18:12:45" runUser="Javi-PC\Javi" xmlns="http://microsoft.com/schemas/VisualStudio/TeamTest/2010">
  <TestSettings name="Default Test Settings" id="a567f68e-f865-45f2-ab3f-32f7f37cb7c9">
    <Deployment runDeploymentRoot="Javi_JAVI-PC 2010-11-20 18_12_45">
      <DeploymentItem filename="c:\users\javi\documents\visual studio 2010\Projects\TravellerMind\TravellerMind.Domain\bin\Debug\TravellerMind.Domain.dll" />
      <DeploymentItem filename="c:\users\javi\documents\visual studio 2010\Projects\TravellerMind\TravellerMind.Infrastructure\bin\TravellerMind.Infrastructure.dll" />
      <DeploymentItem filename="c:\users\javi\documents\visual studio 2010\Projects\TravellerMind\TravellerMind\bin\TravellerMind.Web.dll" />
      <DeploymentItem filename="C:\Users\Javi\documents\visual studio 2010\Projects\TravellerMind\libraries\RhinoMocks\Rhino.Mocks.dll" />
    </Deployment>
    <Execution>
      <TestTypeSpecific />
      <AgentRule name="Execution Agents">
      </AgentRule>
    </Execution>
  </TestSettings>
  <Times creation="2010-11-20T18:12:45.0272293+01:00" queuing="2010-11-20T18:12:45.1322353+01:00" start="2010-11-20T18:12:45.1402357+01:00" finish="2010-11-20T18:12:45.5312581+01:00" />
  <ResultSummary outcome="Failed">
    <Counters total="1" executed="1" error="0" failed="1" timeout="0" aborted="0" inconclusive="0" passedButRunAborted="0" notRunnable="0" notExecuted="0" disconnected="0" warning="0" passed="0" completed="0" inProgress="0" pending="0" />
  </ResultSummary>
  <TestDefinitions>
    <UnitTest name="PostSearch_CallsToGetTravelsMethodFromTravelsRepository" storage="c:\users\javi\documents\visual studio 2010\projects\travellermind\travellermind.tests\bin\debug\travellermind.tests.dll" id="beff30fa-cc6a-0ad4-2e2d-3d8d75560c81">
      <Execution id="375425f4-fd95-42a5-98b6-cd009e42e654" />
      <TestMethod codeBase="C:/Users/Javi/documents/visual studio 2010/Projects/TravellerMind/TravellerMind.Tests/bin/Debug/TravellerMind.Tests.DLL" adapterTypeName="Microsoft.VisualStudio.TestTools.TestTypes.Unit.UnitTestAdapter, Microsoft.VisualStudio.QualityTools.Tips.UnitTest.Adapter, Version=10.0.0.0, Culture=neutral, PublicKeyToken=b03f5f7f11d50a3a" className="TravellerMind.Tests.Controllers.SearcherControllerTest, TravellerMind.Tests, Version=1.0.0.0, Culture=neutral, PublicKeyToken=null" name="PostSearch_CallsToGetTravelsMethodFromTravelsRepository" />
    </UnitTest>
  </TestDefinitions>
  <TestLists>
    <TestList name="Results Not in a List" id="8c84fa94-04c1-424b-9868-57a2d4851a1d" />
    <TestList name="All Loaded Results" id="19431567-8539-422a-85d7-44ee4e166bda" />
  </TestLists>
  <TestEntries>
    <TestEntry testId="beff30fa-cc6a-0ad4-2e2d-3d8d75560c81" executionId="375425f4-fd95-42a5-98b6-cd009e42e654" testListId="8c84fa94-04c1-424b-9868-57a2d4851a1d" />
  </TestEntries>
  <Results>
    <UnitTestResult executionId="375425f4-fd95-42a5-98b6-cd009e42e654" testId="beff30fa-cc6a-0ad4-2e2d-3d8d75560c81" testName="PostSearch_CallsToGetTravelsMethodFromTravelsRepository" computerName="JAVI-PC" duration="00:00:00.1825953" startTime="2010-11-20T18:12:45.1422358+01:00" endTime="2010-11-20T18:12:45.4982562+01:00" testType="13cdc9d9-ddb5-4fa4-a97d-d965ccfc6d4b" outcome="Failed" testListId="8c84fa94-04c1-424b-9868-57a2d4851a1d" relativeResultsDirectory="375425f4-fd95-42a5-98b6-cd009e42e654">
      <Output>
        <ErrorInfo>
          <Message>Test method TravellerMind.Tests.Controllers.SearcherControllerTest.PostSearch_CallsToGetTravelsMethodFromTravelsRepository threw exception: 
Rhino.Mocks.Exceptions.ExpectationViolationException: TravelsRepository.GetTravels(); Expected #1, Actual #0.</Message>
          <StackTrace>    at Rhino.Mocks.RhinoMocksExtensions.AssertWasCalled[T](T mock, Action`1 action, Action`1 setupConstraints)
   at Rhino.Mocks.RhinoMocksExtensions.AssertWasCalled[T](T mock, Func`2 action)
   at TravellerMind.Tests.Controllers.SearcherControllerTest.PostSearch_CallsToGetTravelsMethodFromTravelsRepository() in C:\Users\Javi\documents\visual studio 2010\Projects\TravellerMind\TravellerMind.Tests\Controllers\SearcherControllerTest.cs:line 48
</StackTrace>
        </ErrorInfo>
      </Output>
    </UnitTestResult>
  </Results>
</TestRun>