<?xml version="1.0" encoding="UTF-8"?>
<TestRun id="f6a938f7-46b7-49f0-bfd9-13d9fcd2bcfc" name="Javi@JAVI-PC 2010-11-20 15:23:53" runUser="Javi-PC\Javi" xmlns="http://microsoft.com/schemas/VisualStudio/TeamTest/2010">
  <TestSettings name="Default Test Settings" id="288941c2-cf9c-4820-bb97-77c3490ff29c">
    <Deployment userDeploymentRoot="C:\Users\Javi\documents\visual studio 2010\Projects\TravellerMind\TestResults" useDefaultDeploymentRoot="false" runDeploymentRoot="Javi_JAVI-PC 2010-11-20 15_23_53">
      <DeploymentItem filename="c:\users\javi\documents\visual studio 2010\Projects\TravellerMind\TravellerMind.Domain\bin\Debug\TravellerMind.Domain.dll" />
      <DeploymentItem filename="c:\users\javi\documents\visual studio 2010\Projects\TravellerMind\TravellerMind.Infrastructure\bin\TravellerMind.Infrastructure.dll" />
      <DeploymentItem filename="c:\users\javi\documents\visual studio 2010\Projects\TravellerMind\TravellerMind\bin\TravellerMind.Web.dll" />
      <DeploymentItem filename="C:\Users\Javi\documents\visual studio 2010\Projects\TravellerMind\libraries\RhinoMocks\Rhino.Mocks.dll" />
    </Deployment>
    <Execution>
      <TestTypeSpecific />
      <AgentRule name="Execution Agents">
      </AgentRule>
    </Execution>
  </TestSettings>
  <Times creation="2010-11-20T15:23:53.9771131+01:00" queuing="2010-11-20T15:23:54.0591177+01:00" start="2010-11-20T15:23:54.0671182+01:00" finish="2010-11-20T15:23:54.2901310+01:00" />
  <ResultSummary outcome="Inconclusive">
    <Counters total="2" executed="2" error="0" failed="0" timeout="0" aborted="0" inconclusive="2" passedButRunAborted="0" notRunnable="0" notExecuted="0" disconnected="0" warning="0" passed="0" completed="0" inProgress="0" pending="0" />
  </ResultSummary>
  <TestDefinitions>
    <UnitTest name="ProfilesController_ProfilesRepositoryIsNotNull" storage="c:\users\javi\documents\visual studio 2010\projects\travellermind\travellermind.tests\bin\debug\travellermind.tests.dll" id="61f28dd2-e2cf-aed1-7fb7-f16f602b39f8">
      <Execution id="a0550a5e-ccd0-4d5a-954b-143264c64b3a" />
      <TestMethod codeBase="C:/Users/Javi/documents/visual studio 2010/Projects/TravellerMind/TravellerMind.Tests/bin/Debug/TravellerMind.Tests.DLL" adapterTypeName="Microsoft.VisualStudio.TestTools.TestTypes.Unit.UnitTestAdapter, Microsoft.VisualStudio.QualityTools.Tips.UnitTest.Adapter, Version=10.0.0.0, Culture=neutral, PublicKeyToken=b03f5f7f11d50a3a" className="TravellerMind.Tests.Controllers.ProfileControllerTest, TravellerMind.Tests, Version=1.0.0.0, Culture=neutral, PublicKeyToken=null" name="ProfilesController_ProfilesRepositoryIsNotNull" />
    </UnitTest>
    <UnitTest name="Searcher_SearchIsNotNull" storage="c:\users\javi\documents\visual studio 2010\projects\travellermind\travellermind.tests\bin\debug\travellermind.tests.dll" id="6ed7e016-2c48-b485-af35-b622d8f5528b">
      <Execution id="199e5333-c95d-4195-90c8-e6f8f8afe3e3" />
      <TestMethod codeBase="C:/Users/Javi/documents/visual studio 2010/Projects/TravellerMind/TravellerMind.Tests/bin/Debug/TravellerMind.Tests.DLL" adapterTypeName="Microsoft.VisualStudio.TestTools.TestTypes.Unit.UnitTestAdapter, Microsoft.VisualStudio.QualityTools.Tips.UnitTest.Adapter, Version=10.0.0.0, Culture=neutral, PublicKeyToken=b03f5f7f11d50a3a" className="TravellerMind.Tests.Controllers.SearcherControllerTest, TravellerMind.Tests, Version=1.0.0.0, Culture=neutral, PublicKeyToken=null" name="Searcher_SearchIsNotNull" />
    </UnitTest>
  </TestDefinitions>
  <TestLists>
    <TestList name="Results Not in a List" id="8c84fa94-04c1-424b-9868-57a2d4851a1d" />
    <TestList name="All Loaded Results" id="19431567-8539-422a-85d7-44ee4e166bda" />
  </TestLists>
  <TestEntries>
    <TestEntry testId="61f28dd2-e2cf-aed1-7fb7-f16f602b39f8" executionId="a0550a5e-ccd0-4d5a-954b-143264c64b3a" testListId="8c84fa94-04c1-424b-9868-57a2d4851a1d" />
    <TestEntry testId="6ed7e016-2c48-b485-af35-b622d8f5528b" executionId="199e5333-c95d-4195-90c8-e6f8f8afe3e3" testListId="8c84fa94-04c1-424b-9868-57a2d4851a1d" />
  </TestEntries>
  <Results>
    <UnitTestResult executionId="a0550a5e-ccd0-4d5a-954b-143264c64b3a" testId="61f28dd2-e2cf-aed1-7fb7-f16f602b39f8" testName="ProfilesController_ProfilesRepositoryIsNotNull" computerName="JAVI-PC" duration="00:00:00.0187182" startTime="2010-11-20T15:23:54.0691183+01:00" endTime="2010-11-20T15:23:54.2751301+01:00" testType="13cdc9d9-ddb5-4fa4-a97d-d965ccfc6d4b" outcome="Inconclusive" testListId="8c84fa94-04c1-424b-9868-57a2d4851a1d" relativeResultsDirectory="a0550a5e-ccd0-4d5a-954b-143264c64b3a">
      <Output>
        <ErrorInfo>
          <Message>Assert.Inconclusive failed. Utilizar la dll TestTools del framework para obtener la propiedad privada</Message>
          <StackTrace>   at TravellerMind.Tests.Controllers.ProfileControllerTest.ProfilesController_ProfilesRepositoryIsNotNull() in C:\Users\Javi\documents\visual studio 2010\Projects\TravellerMind\TravellerMind.Tests\Controllers\ProfileControllerTest.cs:line 20
</StackTrace>
        </ErrorInfo>
      </Output>
    </UnitTestResult>
    <UnitTestResult executionId="199e5333-c95d-4195-90c8-e6f8f8afe3e3" testId="6ed7e016-2c48-b485-af35-b622d8f5528b" testName="Searcher_SearchIsNotNull" computerName="JAVI-PC" duration="00:00:00.0023420" startTime="2010-11-20T15:23:54.2761302+01:00" endTime="2010-11-20T15:23:54.2811304+01:00" testType="13cdc9d9-ddb5-4fa4-a97d-d965ccfc6d4b" outcome="Inconclusive" testListId="8c84fa94-04c1-424b-9868-57a2d4851a1d" relativeResultsDirectory="199e5333-c95d-4195-90c8-e6f8f8afe3e3">
      <Output>
        <ErrorInfo>
          <Message>Assert.Inconclusive failed. Utilizar la dll TestTools del framework para obtener la propiedad privada</Message>
          <StackTrace>   at TravellerMind.Tests.Controllers.SearcherControllerTest.Searcher_SearchIsNotNull() in C:\Users\Javi\documents\visual studio 2010\Projects\TravellerMind\TravellerMind.Tests\Controllers\SearcherControllerTest.cs:line 21
</StackTrace>
        </ErrorInfo>
      </Output>
    </UnitTestResult>
  </Results>
</TestRun>