<?xml version="1.0" encoding="UTF-8"?>
<TestRun id="a613a07f-440a-47ad-a61d-d09d0c43913c" name="Javi@JAVI-PC 2010-11-20 18:14:50" runUser="Javi-PC\Javi" xmlns="http://microsoft.com/schemas/VisualStudio/TeamTest/2010">
  <TestSettings name="Default Test Settings" id="1b45f9dd-cbcf-45b5-8f65-568750ee4311">
    <Deployment runDeploymentRoot="Javi_JAVI-PC 2010-11-20 18_14_50">
      <DeploymentItem filename="c:\users\javi\documents\visual studio 2010\Projects\TravellerMind\TravellerMind.Domain\bin\Debug\TravellerMind.Domain.dll" />
      <DeploymentItem filename="c:\users\javi\documents\visual studio 2010\Projects\TravellerMind\TravellerMind.Infrastructure\bin\TravellerMind.Infrastructure.dll" />
      <DeploymentItem filename="c:\users\javi\documents\visual studio 2010\Projects\TravellerMind\TravellerMind\bin\TravellerMind.Web.dll" />
      <DeploymentItem filename="C:\Users\Javi\documents\visual studio 2010\Projects\TravellerMind\libraries\RhinoMocks\Rhino.Mocks.dll" />
    </Deployment>
    <Execution>
      <TestTypeSpecific />
      <AgentRule name="Execution Agents">
      </AgentRule>
    </Execution>
  </TestSettings>
  <Times creation="2010-11-20T18:14:50.6887835+01:00" queuing="2010-11-20T18:14:50.8037901+01:00" start="2010-11-20T18:14:50.8117905+01:00" finish="2010-11-20T18:14:51.5688338+01:00" />
  <ResultSummary outcome="Completed">
    <Counters total="1" executed="1" passed="1" error="0" failed="0" timeout="0" aborted="0" inconclusive="0" passedButRunAborted="0" notRunnable="0" notExecuted="0" disconnected="0" warning="0" completed="0" inProgress="0" pending="0" />
  </ResultSummary>
  <TestDefinitions>
    <UnitTest name="PostSearch_CallsToGetTravelsMethodFromTravelsRepository" storage="c:\users\javi\documents\visual studio 2010\projects\travellermind\travellermind.tests\bin\debug\travellermind.tests.dll" id="beff30fa-cc6a-0ad4-2e2d-3d8d75560c81">
      <Execution id="0fea2c6a-800a-4fe4-919b-83d195b04b8b" />
      <TestMethod codeBase="C:/Users/Javi/documents/visual studio 2010/Projects/TravellerMind/TravellerMind.Tests/bin/Debug/TravellerMind.Tests.DLL" adapterTypeName="Microsoft.VisualStudio.TestTools.TestTypes.Unit.UnitTestAdapter, Microsoft.VisualStudio.QualityTools.Tips.UnitTest.Adapter, Version=10.0.0.0, Culture=neutral, PublicKeyToken=b03f5f7f11d50a3a" className="TravellerMind.Tests.Controllers.SearcherControllerTest, TravellerMind.Tests, Version=1.0.0.0, Culture=neutral, PublicKeyToken=null" name="PostSearch_CallsToGetTravelsMethodFromTravelsRepository" />
    </UnitTest>
  </TestDefinitions>
  <TestLists>
    <TestList name="Results Not in a List" id="8c84fa94-04c1-424b-9868-57a2d4851a1d" />
    <TestList name="All Loaded Results" id="19431567-8539-422a-85d7-44ee4e166bda" />
  </TestLists>
  <TestEntries>
    <TestEntry testId="beff30fa-cc6a-0ad4-2e2d-3d8d75560c81" executionId="0fea2c6a-800a-4fe4-919b-83d195b04b8b" testListId="8c84fa94-04c1-424b-9868-57a2d4851a1d" />
  </TestEntries>
  <Results>
    <UnitTestResult executionId="0fea2c6a-800a-4fe4-919b-83d195b04b8b" testId="beff30fa-cc6a-0ad4-2e2d-3d8d75560c81" testName="PostSearch_CallsToGetTravelsMethodFromTravelsRepository" computerName="JAVI-PC" duration="00:00:00.2737479" startTime="2010-11-20T18:14:50.8167908+01:00" endTime="2010-11-20T18:14:51.2728169+01:00" testType="13cdc9d9-ddb5-4fa4-a97d-d965ccfc6d4b" outcome="Passed" testListId="8c84fa94-04c1-424b-9868-57a2d4851a1d" relativeResultsDirectory="0fea2c6a-800a-4fe4-919b-83d195b04b8b">
    </UnitTestResult>
  </Results>
</TestRun>