<?xml version="1.0" encoding="UTF-8"?>
<TestRun id="d62aad03-e3d0-47fb-a3eb-3db71ecf2eea" name="Javi@JAVI-PC 2010-11-20 18:25:16" runUser="Javi-PC\Javi" xmlns="http://microsoft.com/schemas/VisualStudio/TeamTest/2010">
  <TestSettings name="Default Test Settings" id="f3123b19-948c-450d-b0fc-6f78d63d85d6">
    <Deployment runDeploymentRoot="Javi_JAVI-PC 2010-11-20 18_25_16">
      <DeploymentItem filename="c:\users\javi\documents\visual studio 2010\Projects\TravellerMind\TravellerMind.Domain\bin\Debug\TravellerMind.Domain.dll" />
      <DeploymentItem filename="c:\users\javi\documents\visual studio 2010\Projects\TravellerMind\TravellerMind.Infrastructure\bin\TravellerMind.Infrastructure.dll" />
      <DeploymentItem filename="c:\users\javi\documents\visual studio 2010\Projects\TravellerMind\TravellerMind\bin\TravellerMind.Web.dll" />
      <DeploymentItem filename="C:\Users\Javi\documents\visual studio 2010\Projects\TravellerMind\libraries\RhinoMocks\Rhino.Mocks.dll" />
    </Deployment>
    <Execution>
      <TestTypeSpecific />
      <AgentRule name="Execution Agents">
      </AgentRule>
    </Execution>
  </TestSettings>
  <Times creation="2010-11-20T18:25:16.5759629+01:00" queuing="2010-11-20T18:25:16.6979688+01:00" start="2010-11-20T18:25:16.7099694+01:00" finish="2010-11-20T18:25:17.6490232+01:00" />
  <ResultSummary outcome="Failed">
    <Counters total="24" executed="24" passed="21" error="0" failed="1" timeout="0" aborted="0" inconclusive="2" passedButRunAborted="0" notRunnable="0" notExecuted="0" disconnected="0" warning="0" completed="0" inProgress="0" pending="0" />
  </ResultSummary>
  <TestDefinitions>
    <UnitTest name="ChangePassword_Post_ReturnsViewIfModelStateIsInvalid" storage="c:\users\javi\documents\visual studio 2010\projects\travellermind\travellermind.tests\bin\debug\travellermind.tests.dll" id="ac8402e8-6d2b-23b8-3ae7-c25a311e0818">
      <Execution id="1e0daf75-0709-40ef-80c4-0339d524d1e4" />
      <TestMethod codeBase="C:/Users/Javi/documents/visual studio 2010/Projects/TravellerMind/TravellerMind.Tests/bin/Debug/TravellerMind.Tests.DLL" adapterTypeName="Microsoft.VisualStudio.TestTools.TestTypes.Unit.UnitTestAdapter, Microsoft.VisualStudio.QualityTools.Tips.UnitTest.Adapter, Version=10.0.0.0, Culture=neutral, PublicKeyToken=b03f5f7f11d50a3a" className="TravellerMind.Tests.Controllers.AccountControllerTest, TravellerMind.Tests, Version=1.0.0.0, Culture=neutral, PublicKeyToken=null" name="ChangePassword_Post_ReturnsViewIfModelStateIsInvalid" />
    </UnitTest>
    <UnitTest name="Index" storage="c:\users\javi\documents\visual studio 2010\projects\travellermind\travellermind.tests\bin\debug\travellermind.tests.dll" id="fd83e181-c551-a3c6-5eb3-b91cef938b9c">
      <Execution id="8d7e2114-1af2-4069-9e01-27d2894fb02b" />
      <TestMethod codeBase="C:/Users/Javi/documents/visual studio 2010/Projects/TravellerMind/TravellerMind.Tests/bin/Debug/TravellerMind.Tests.DLL" adapterTypeName="Microsoft.VisualStudio.TestTools.TestTypes.Unit.UnitTestAdapter, Microsoft.VisualStudio.QualityTools.Tips.UnitTest.Adapter, Version=10.0.0.0, Culture=neutral, PublicKeyToken=b03f5f7f11d50a3a" className="TravellerMind.Tests.Controllers.HomeControllerTest, TravellerMind.Tests, Version=1.0.0.0, Culture=neutral, PublicKeyToken=null" name="Index" />
    </UnitTest>
    <UnitTest name="LogOn_Post_ReturnsRedirectOnSuccess_WithReturnUrl" storage="c:\users\javi\documents\visual studio 2010\projects\travellermind\travellermind.tests\bin\debug\travellermind.tests.dll" id="ef1be392-533f-3115-3caa-2a6579c66d5e">
      <Execution id="e885dd76-f3e0-4833-847c-45465177aa51" />
      <TestMethod codeBase="C:/Users/Javi/documents/visual studio 2010/Projects/TravellerMind/TravellerMind.Tests/bin/Debug/TravellerMind.Tests.DLL" adapterTypeName="Microsoft.VisualStudio.TestTools.TestTypes.Unit.UnitTestAdapter, Microsoft.VisualStudio.QualityTools.Tips.UnitTest.Adapter, Version=10.0.0.0, Culture=neutral, PublicKeyToken=b03f5f7f11d50a3a" className="TravellerMind.Tests.Controllers.AccountControllerTest, TravellerMind.Tests, Version=1.0.0.0, Culture=neutral, PublicKeyToken=null" name="LogOn_Post_ReturnsRedirectOnSuccess_WithReturnUrl" />
    </UnitTest>
    <UnitTest name="Register_Post_ReturnsViewIfModelStateIsInvalid" storage="c:\users\javi\documents\visual studio 2010\projects\travellermind\travellermind.tests\bin\debug\travellermind.tests.dll" id="e2af2074-6186-43a3-7741-2b57f15a109a">
      <Execution id="bcbd2d42-a4ed-4c03-927e-b67d886c24cc" />
      <TestMethod codeBase="C:/Users/Javi/documents/visual studio 2010/Projects/TravellerMind/TravellerMind.Tests/bin/Debug/TravellerMind.Tests.DLL" adapterTypeName="Microsoft.VisualStudio.TestTools.TestTypes.Unit.UnitTestAdapter, Microsoft.VisualStudio.QualityTools.Tips.UnitTest.Adapter, Version=10.0.0.0, Culture=neutral, PublicKeyToken=b03f5f7f11d50a3a" className="TravellerMind.Tests.Controllers.AccountControllerTest, TravellerMind.Tests, Version=1.0.0.0, Culture=neutral, PublicKeyToken=null" name="Register_Post_ReturnsViewIfModelStateIsInvalid" />
    </UnitTest>
    <UnitTest name="Searcher_TravelRepositoryIsNotNull" storage="c:\users\javi\documents\visual studio 2010\projects\travellermind\travellermind.tests\bin\debug\travellermind.tests.dll" id="a897b593-bce4-fddc-d4ce-9c9e711eb1ba">
      <Execution id="c24781ef-b0a3-4a11-9a9b-fd775546fad9" />
      <TestMethod codeBase="C:/Users/Javi/documents/visual studio 2010/Projects/TravellerMind/TravellerMind.Tests/bin/Debug/TravellerMind.Tests.DLL" adapterTypeName="Microsoft.VisualStudio.TestTools.TestTypes.Unit.UnitTestAdapter, Microsoft.VisualStudio.QualityTools.Tips.UnitTest.Adapter, Version=10.0.0.0, Culture=neutral, PublicKeyToken=b03f5f7f11d50a3a" className="TravellerMind.Tests.Controllers.SearcherControllerTest, TravellerMind.Tests, Version=1.0.0.0, Culture=neutral, PublicKeyToken=null" name="Searcher_TravelRepositoryIsNotNull" />
    </UnitTest>
    <UnitTest name="LogOff_LogsOutAndRedirects" storage="c:\users\javi\documents\visual studio 2010\projects\travellermind\travellermind.tests\bin\debug\travellermind.tests.dll" id="ebc23c69-09fa-ba61-597a-bd979a25ade3">
      <Execution id="aa2f76ef-931b-4fbb-becb-a5561ef5119c" />
      <TestMethod codeBase="C:/Users/Javi/documents/visual studio 2010/Projects/TravellerMind/TravellerMind.Tests/bin/Debug/TravellerMind.Tests.DLL" adapterTypeName="Microsoft.VisualStudio.TestTools.TestTypes.Unit.UnitTestAdapter, Microsoft.VisualStudio.QualityTools.Tips.UnitTest.Adapter, Version=10.0.0.0, Culture=neutral, PublicKeyToken=b03f5f7f11d50a3a" className="TravellerMind.Tests.Controllers.AccountControllerTest, TravellerMind.Tests, Version=1.0.0.0, Culture=neutral, PublicKeyToken=null" name="LogOff_LogsOutAndRedirects" />
    </UnitTest>
    <UnitTest name="Register_Get_ReturnsView" storage="c:\users\javi\documents\visual studio 2010\projects\travellermind\travellermind.tests\bin\debug\travellermind.tests.dll" id="ce3260ff-12ca-214f-e193-dc6a56d826aa">
      <Execution id="1bb58262-89ce-45f1-8897-db57070d64fe" />
      <TestMethod codeBase="C:/Users/Javi/documents/visual studio 2010/Projects/TravellerMind/TravellerMind.Tests/bin/Debug/TravellerMind.Tests.DLL" adapterTypeName="Microsoft.VisualStudio.TestTools.TestTypes.Unit.UnitTestAdapter, Microsoft.VisualStudio.QualityTools.Tips.UnitTest.Adapter, Version=10.0.0.0, Culture=neutral, PublicKeyToken=b03f5f7f11d50a3a" className="TravellerMind.Tests.Controllers.AccountControllerTest, TravellerMind.Tests, Version=1.0.0.0, Culture=neutral, PublicKeyToken=null" name="Register_Get_ReturnsView" />
    </UnitTest>
    <UnitTest name="LogOn_Post_ReturnsViewIfValidateUserFails" storage="c:\users\javi\documents\visual studio 2010\projects\travellermind\travellermind.tests\bin\debug\travellermind.tests.dll" id="e2008a8f-0cdc-8108-03b0-612fd62516f7">
      <Execution id="15afc9d7-8ed3-4c97-ade9-b7e1b39b247c" />
      <TestMethod codeBase="C:/Users/Javi/documents/visual studio 2010/Projects/TravellerMind/TravellerMind.Tests/bin/Debug/TravellerMind.Tests.DLL" adapterTypeName="Microsoft.VisualStudio.TestTools.TestTypes.Unit.UnitTestAdapter, Microsoft.VisualStudio.QualityTools.Tips.UnitTest.Adapter, Version=10.0.0.0, Culture=neutral, PublicKeyToken=b03f5f7f11d50a3a" className="TravellerMind.Tests.Controllers.AccountControllerTest, TravellerMind.Tests, Version=1.0.0.0, Culture=neutral, PublicKeyToken=null" name="LogOn_Post_ReturnsViewIfValidateUserFails" />
    </UnitTest>
    <UnitTest name="Index_ReturnsAView" storage="c:\users\javi\documents\visual studio 2010\projects\travellermind\travellermind.tests\bin\debug\travellermind.tests.dll" id="33cf3c7a-6c95-cab8-547d-bc1e74d9b190">
      <Execution id="3eca8576-79d6-4cdf-8f03-acd439df02c5" />
      <TestMethod codeBase="C:/Users/Javi/documents/visual studio 2010/Projects/TravellerMind/TravellerMind.Tests/bin/Debug/TravellerMind.Tests.DLL" adapterTypeName="Microsoft.VisualStudio.TestTools.TestTypes.Unit.UnitTestAdapter, Microsoft.VisualStudio.QualityTools.Tips.UnitTest.Adapter, Version=10.0.0.0, Culture=neutral, PublicKeyToken=b03f5f7f11d50a3a" className="TravellerMind.Tests.Controllers.SearcherControllerTest, TravellerMind.Tests, Version=1.0.0.0, Culture=neutral, PublicKeyToken=null" name="Index_ReturnsAView" />
    </UnitTest>
    <UnitTest name="Register_Post_ReturnsViewIfRegistrationFails" storage="c:\users\javi\documents\visual studio 2010\projects\travellermind\travellermind.tests\bin\debug\travellermind.tests.dll" id="e8c8b2b5-2007-e855-03da-6d2032ef5a80">
      <Execution id="cc7f9669-6e3a-454e-9ba4-83bd8b16c00f" />
      <TestMethod codeBase="C:/Users/Javi/documents/visual studio 2010/Projects/TravellerMind/TravellerMind.Tests/bin/Debug/TravellerMind.Tests.DLL" adapterTypeName="Microsoft.VisualStudio.TestTools.TestTypes.Unit.UnitTestAdapter, Microsoft.VisualStudio.QualityTools.Tips.UnitTest.Adapter, Version=10.0.0.0, Culture=neutral, PublicKeyToken=b03f5f7f11d50a3a" className="TravellerMind.Tests.Controllers.AccountControllerTest, TravellerMind.Tests, Version=1.0.0.0, Culture=neutral, PublicKeyToken=null" name="Register_Post_ReturnsViewIfRegistrationFails" />
    </UnitTest>
    <UnitTest name="PostSearch_CallsToGetTravelsMethodFromTravelsRepository" storage="c:\users\javi\documents\visual studio 2010\projects\travellermind\travellermind.tests\bin\debug\travellermind.tests.dll" id="beff30fa-cc6a-0ad4-2e2d-3d8d75560c81">
      <Execution id="080a90bf-ef7d-4b23-995a-30c748295969" />
      <TestMethod codeBase="C:/Users/Javi/documents/visual studio 2010/Projects/TravellerMind/TravellerMind.Tests/bin/Debug/TravellerMind.Tests.DLL" adapterTypeName="Microsoft.VisualStudio.TestTools.TestTypes.Unit.UnitTestAdapter, Microsoft.VisualStudio.QualityTools.Tips.UnitTest.Adapter, Version=10.0.0.0, Culture=neutral, PublicKeyToken=b03f5f7f11d50a3a" className="TravellerMind.Tests.Controllers.SearcherControllerTest, TravellerMind.Tests, Version=1.0.0.0, Culture=neutral, PublicKeyToken=null" name="PostSearch_CallsToGetTravelsMethodFromTravelsRepository" />
    </UnitTest>
    <UnitTest name="ProfilesController_ProfilesRepositoryIsNotNull" storage="c:\users\javi\documents\visual studio 2010\projects\travellermind\travellermind.tests\bin\debug\travellermind.tests.dll" id="61f28dd2-e2cf-aed1-7fb7-f16f602b39f8">
      <Execution id="4f02f4e5-6b07-41d5-896e-8a4b5d7871d9" />
      <TestMethod codeBase="C:/Users/Javi/documents/visual studio 2010/Projects/TravellerMind/TravellerMind.Tests/bin/Debug/TravellerMind.Tests.DLL" adapterTypeName="Microsoft.VisualStudio.TestTools.TestTypes.Unit.UnitTestAdapter, Microsoft.VisualStudio.QualityTools.Tips.UnitTest.Adapter, Version=10.0.0.0, Culture=neutral, PublicKeyToken=b03f5f7f11d50a3a" className="TravellerMind.Tests.Controllers.ProfileControllerTest, TravellerMind.Tests, Version=1.0.0.0, Culture=neutral, PublicKeyToken=null" name="ProfilesController_ProfilesRepositoryIsNotNull" />
    </UnitTest>
    <UnitTest name="ChangePassword_Get_ReturnsView" storage="c:\users\javi\documents\visual studio 2010\projects\travellermind\travellermind.tests\bin\debug\travellermind.tests.dll" id="81873771-9fe3-0f87-7c01-aaa59f1bc07f">
      <Execution id="e7e06731-7350-4266-88a5-e4c4897e99c5" />
      <TestMethod codeBase="C:/Users/Javi/documents/visual studio 2010/Projects/TravellerMind/TravellerMind.Tests/bin/Debug/TravellerMind.Tests.DLL" adapterTypeName="Microsoft.VisualStudio.TestTools.TestTypes.Unit.UnitTestAdapter, Microsoft.VisualStudio.QualityTools.Tips.UnitTest.Adapter, Version=10.0.0.0, Culture=neutral, PublicKeyToken=b03f5f7f11d50a3a" className="TravellerMind.Tests.Controllers.AccountControllerTest, TravellerMind.Tests, Version=1.0.0.0, Culture=neutral, PublicKeyToken=null" name="ChangePassword_Get_ReturnsView" />
    </UnitTest>
    <UnitTest name="Index_CallsToGetAllMethod" storage="c:\users\javi\documents\visual studio 2010\projects\travellermind\travellermind.tests\bin\debug\travellermind.tests.dll" id="85a1a4fe-1e62-016e-1bb6-5ccfab3a01e6">
      <Execution id="97894041-c28f-455b-9db9-48482b88d511" />
      <TestMethod codeBase="C:/Users/Javi/documents/visual studio 2010/Projects/TravellerMind/TravellerMind.Tests/bin/Debug/TravellerMind.Tests.DLL" adapterTypeName="Microsoft.VisualStudio.TestTools.TestTypes.Unit.UnitTestAdapter, Microsoft.VisualStudio.QualityTools.Tips.UnitTest.Adapter, Version=10.0.0.0, Culture=neutral, PublicKeyToken=b03f5f7f11d50a3a" className="TravellerMind.Tests.Controllers.ProfileControllerTest, TravellerMind.Tests, Version=1.0.0.0, Culture=neutral, PublicKeyToken=null" name="Index_CallsToGetAllMethod" />
    </UnitTest>
    <UnitTest name="Register_Post_ReturnsRedirectOnSuccess" storage="c:\users\javi\documents\visual studio 2010\projects\travellermind\travellermind.tests\bin\debug\travellermind.tests.dll" id="d3581637-0c3d-f8cb-e456-d23f5bc1619c">
      <Execution id="5525d369-8119-484a-8fee-6871a4e29745" />
      <TestMethod codeBase="C:/Users/Javi/documents/visual studio 2010/Projects/TravellerMind/TravellerMind.Tests/bin/Debug/TravellerMind.Tests.DLL" adapterTypeName="Microsoft.VisualStudio.TestTools.TestTypes.Unit.UnitTestAdapter, Microsoft.VisualStudio.QualityTools.Tips.UnitTest.Adapter, Version=10.0.0.0, Culture=neutral, PublicKeyToken=b03f5f7f11d50a3a" className="TravellerMind.Tests.Controllers.AccountControllerTest, TravellerMind.Tests, Version=1.0.0.0, Culture=neutral, PublicKeyToken=null" name="Register_Post_ReturnsRedirectOnSuccess" />
    </UnitTest>
    <UnitTest name="PostSearch_ReturnsATravelList" storage="c:\users\javi\documents\visual studio 2010\projects\travellermind\travellermind.tests\bin\debug\travellermind.tests.dll" id="2f1cf58f-7753-51a3-4cd1-bf5b856d8073">
      <Execution id="368cec74-c490-463f-adc7-3ef31736345b" />
      <TestMethod codeBase="C:/Users/Javi/documents/visual studio 2010/Projects/TravellerMind/TravellerMind.Tests/bin/Debug/TravellerMind.Tests.DLL" adapterTypeName="Microsoft.VisualStudio.TestTools.TestTypes.Unit.UnitTestAdapter, Microsoft.VisualStudio.QualityTools.Tips.UnitTest.Adapter, Version=10.0.0.0, Culture=neutral, PublicKeyToken=b03f5f7f11d50a3a" className="TravellerMind.Tests.Controllers.SearcherControllerTest, TravellerMind.Tests, Version=1.0.0.0, Culture=neutral, PublicKeyToken=null" name="PostSearch_ReturnsATravelList" />
    </UnitTest>
    <UnitTest name="LogOn_Get_ReturnsView" storage="c:\users\javi\documents\visual studio 2010\projects\travellermind\travellermind.tests\bin\debug\travellermind.tests.dll" id="0b91ed8f-758e-ce8f-a5a0-42fcdba43eec">
      <Execution id="8041e26c-c0dd-44d7-aa0d-e3a4295ae5e5" />
      <TestMethod codeBase="C:/Users/Javi/documents/visual studio 2010/Projects/TravellerMind/TravellerMind.Tests/bin/Debug/TravellerMind.Tests.DLL" adapterTypeName="Microsoft.VisualStudio.TestTools.TestTypes.Unit.UnitTestAdapter, Microsoft.VisualStudio.QualityTools.Tips.UnitTest.Adapter, Version=10.0.0.0, Culture=neutral, PublicKeyToken=b03f5f7f11d50a3a" className="TravellerMind.Tests.Controllers.AccountControllerTest, TravellerMind.Tests, Version=1.0.0.0, Culture=neutral, PublicKeyToken=null" name="LogOn_Get_ReturnsView" />
    </UnitTest>
    <UnitTest name="LogOn_Post_ReturnsViewIfModelStateIsInvalid" storage="c:\users\javi\documents\visual studio 2010\projects\travellermind\travellermind.tests\bin\debug\travellermind.tests.dll" id="881b000d-b279-580f-6b1e-6829a9e8c2ed">
      <Execution id="c2cbff69-351d-490e-90d2-99ef3ee7d7be" />
      <TestMethod codeBase="C:/Users/Javi/documents/visual studio 2010/Projects/TravellerMind/TravellerMind.Tests/bin/Debug/TravellerMind.Tests.DLL" adapterTypeName="Microsoft.VisualStudio.TestTools.TestTypes.Unit.UnitTestAdapter, Microsoft.VisualStudio.QualityTools.Tips.UnitTest.Adapter, Version=10.0.0.0, Culture=neutral, PublicKeyToken=b03f5f7f11d50a3a" className="TravellerMind.Tests.Controllers.AccountControllerTest, TravellerMind.Tests, Version=1.0.0.0, Culture=neutral, PublicKeyToken=null" name="LogOn_Post_ReturnsViewIfModelStateIsInvalid" />
    </UnitTest>
    <UnitTest name="Index_ReturnsTheProfilesList" storage="c:\users\javi\documents\visual studio 2010\projects\travellermind\travellermind.tests\bin\debug\travellermind.tests.dll" id="ff01fa7f-3c72-140a-322a-c5220f494319">
      <Execution id="2953f659-cc43-415e-9832-ede985c41bbd" />
      <TestMethod codeBase="C:/Users/Javi/documents/visual studio 2010/Projects/TravellerMind/TravellerMind.Tests/bin/Debug/TravellerMind.Tests.DLL" adapterTypeName="Microsoft.VisualStudio.TestTools.TestTypes.Unit.UnitTestAdapter, Microsoft.VisualStudio.QualityTools.Tips.UnitTest.Adapter, Version=10.0.0.0, Culture=neutral, PublicKeyToken=b03f5f7f11d50a3a" className="TravellerMind.Tests.Controllers.ProfileControllerTest, TravellerMind.Tests, Version=1.0.0.0, Culture=neutral, PublicKeyToken=null" name="Index_ReturnsTheProfilesList" />
    </UnitTest>
    <UnitTest name="ChangePassword_Post_ReturnsRedirectOnSuccess" storage="c:\users\javi\documents\visual studio 2010\projects\travellermind\travellermind.tests\bin\debug\travellermind.tests.dll" id="a828b198-62e4-69e2-0e7c-6af99e23db17">
      <Execution id="04130786-28d6-4c50-9142-2480e29061c0" />
      <TestMethod codeBase="C:/Users/Javi/documents/visual studio 2010/Projects/TravellerMind/TravellerMind.Tests/bin/Debug/TravellerMind.Tests.DLL" adapterTypeName="Microsoft.VisualStudio.TestTools.TestTypes.Unit.UnitTestAdapter, Microsoft.VisualStudio.QualityTools.Tips.UnitTest.Adapter, Version=10.0.0.0, Culture=neutral, PublicKeyToken=b03f5f7f11d50a3a" className="TravellerMind.Tests.Controllers.AccountControllerTest, TravellerMind.Tests, Version=1.0.0.0, Culture=neutral, PublicKeyToken=null" name="ChangePassword_Post_ReturnsRedirectOnSuccess" />
    </UnitTest>
    <UnitTest name="ChangePasswordSuccess_ReturnsView" storage="c:\users\javi\documents\visual studio 2010\projects\travellermind\travellermind.tests\bin\debug\travellermind.tests.dll" id="a9a45bf3-ddbf-0c3e-39f9-41a5747c220b">
      <Execution id="0125566f-9896-4b4b-b855-e7a3360f0507" />
      <TestMethod codeBase="C:/Users/Javi/documents/visual studio 2010/Projects/TravellerMind/TravellerMind.Tests/bin/Debug/TravellerMind.Tests.DLL" adapterTypeName="Microsoft.VisualStudio.TestTools.TestTypes.Unit.UnitTestAdapter, Microsoft.VisualStudio.QualityTools.Tips.UnitTest.Adapter, Version=10.0.0.0, Culture=neutral, PublicKeyToken=b03f5f7f11d50a3a" className="TravellerMind.Tests.Controllers.AccountControllerTest, TravellerMind.Tests, Version=1.0.0.0, Culture=neutral, PublicKeyToken=null" name="ChangePasswordSuccess_ReturnsView" />
    </UnitTest>
    <UnitTest name="ChangePassword_Post_ReturnsViewIfChangePasswordFails" storage="c:\users\javi\documents\visual studio 2010\projects\travellermind\travellermind.tests\bin\debug\travellermind.tests.dll" id="623facad-a7bf-788d-4a37-7412b352bd5e">
      <Execution id="33b1d063-3998-4d21-a3da-f0a6df85b580" />
      <TestMethod codeBase="C:/Users/Javi/documents/visual studio 2010/Projects/TravellerMind/TravellerMind.Tests/bin/Debug/TravellerMind.Tests.DLL" adapterTypeName="Microsoft.VisualStudio.TestTools.TestTypes.Unit.UnitTestAdapter, Microsoft.VisualStudio.QualityTools.Tips.UnitTest.Adapter, Version=10.0.0.0, Culture=neutral, PublicKeyToken=b03f5f7f11d50a3a" className="TravellerMind.Tests.Controllers.AccountControllerTest, TravellerMind.Tests, Version=1.0.0.0, Culture=neutral, PublicKeyToken=null" name="ChangePassword_Post_ReturnsViewIfChangePasswordFails" />
    </UnitTest>
    <UnitTest name="About" storage="c:\users\javi\documents\visual studio 2010\projects\travellermind\travellermind.tests\bin\debug\travellermind.tests.dll" id="ab41cad7-0569-024e-6bf1-9f3534215206">
      <Execution id="800761bd-7d77-4d05-8bf7-cb9311e4dd38" />
      <TestMethod codeBase="C:/Users/Javi/documents/visual studio 2010/Projects/TravellerMind/TravellerMind.Tests/bin/Debug/TravellerMind.Tests.DLL" adapterTypeName="Microsoft.VisualStudio.TestTools.TestTypes.Unit.UnitTestAdapter, Microsoft.VisualStudio.QualityTools.Tips.UnitTest.Adapter, Version=10.0.0.0, Culture=neutral, PublicKeyToken=b03f5f7f11d50a3a" className="TravellerMind.Tests.Controllers.HomeControllerTest, TravellerMind.Tests, Version=1.0.0.0, Culture=neutral, PublicKeyToken=null" name="About" />
    </UnitTest>
    <UnitTest name="LogOn_Post_ReturnsRedirectOnSuccess_WithoutReturnUrl" storage="c:\users\javi\documents\visual studio 2010\projects\travellermind\travellermind.tests\bin\debug\travellermind.tests.dll" id="7e641361-7495-7971-eee7-7c2d78e0205d">
      <Execution id="597bbeef-1780-4395-a405-f0606dc9042e" />
      <TestMethod codeBase="C:/Users/Javi/documents/visual studio 2010/Projects/TravellerMind/TravellerMind.Tests/bin/Debug/TravellerMind.Tests.DLL" adapterTypeName="Microsoft.VisualStudio.TestTools.TestTypes.Unit.UnitTestAdapter, Microsoft.VisualStudio.QualityTools.Tips.UnitTest.Adapter, Version=10.0.0.0, Culture=neutral, PublicKeyToken=b03f5f7f11d50a3a" className="TravellerMind.Tests.Controllers.AccountControllerTest, TravellerMind.Tests, Version=1.0.0.0, Culture=neutral, PublicKeyToken=null" name="LogOn_Post_ReturnsRedirectOnSuccess_WithoutReturnUrl" />
    </UnitTest>
  </TestDefinitions>
  <TestLists>
    <TestList name="Results Not in a List" id="8c84fa94-04c1-424b-9868-57a2d4851a1d" />
    <TestList name="All Loaded Results" id="19431567-8539-422a-85d7-44ee4e166bda" />
  </TestLists>
  <TestEntries>
    <TestEntry testId="fd83e181-c551-a3c6-5eb3-b91cef938b9c" executionId="8d7e2114-1af2-4069-9e01-27d2894fb02b" testListId="8c84fa94-04c1-424b-9868-57a2d4851a1d" />
    <TestEntry testId="beff30fa-cc6a-0ad4-2e2d-3d8d75560c81" executionId="080a90bf-ef7d-4b23-995a-30c748295969" testListId="8c84fa94-04c1-424b-9868-57a2d4851a1d" />
    <TestEntry testId="ff01fa7f-3c72-140a-322a-c5220f494319" executionId="2953f659-cc43-415e-9832-ede985c41bbd" testListId="8c84fa94-04c1-424b-9868-57a2d4851a1d" />
    <TestEntry testId="e2008a8f-0cdc-8108-03b0-612fd62516f7" executionId="15afc9d7-8ed3-4c97-ade9-b7e1b39b247c" testListId="8c84fa94-04c1-424b-9868-57a2d4851a1d" />
    <TestEntry testId="ce3260ff-12ca-214f-e193-dc6a56d826aa" executionId="1bb58262-89ce-45f1-8897-db57070d64fe" testListId="8c84fa94-04c1-424b-9868-57a2d4851a1d" />
    <TestEntry testId="881b000d-b279-580f-6b1e-6829a9e8c2ed" executionId="c2cbff69-351d-490e-90d2-99ef3ee7d7be" testListId="8c84fa94-04c1-424b-9868-57a2d4851a1d" />
    <TestEntry testId="0b91ed8f-758e-ce8f-a5a0-42fcdba43eec" executionId="8041e26c-c0dd-44d7-aa0d-e3a4295ae5e5" testListId="8c84fa94-04c1-424b-9868-57a2d4851a1d" />
    <TestEntry testId="2f1cf58f-7753-51a3-4cd1-bf5b856d8073" executionId="368cec74-c490-463f-adc7-3ef31736345b" testListId="8c84fa94-04c1-424b-9868-57a2d4851a1d" />
    <TestEntry testId="ac8402e8-6d2b-23b8-3ae7-c25a311e0818" executionId="1e0daf75-0709-40ef-80c4-0339d524d1e4" testListId="8c84fa94-04c1-424b-9868-57a2d4851a1d" />
    <TestEntry testId="e8c8b2b5-2007-e855-03da-6d2032ef5a80" executionId="cc7f9669-6e3a-454e-9ba4-83bd8b16c00f" testListId="8c84fa94-04c1-424b-9868-57a2d4851a1d" />
    <TestEntry testId="7e641361-7495-7971-eee7-7c2d78e0205d" executionId="597bbeef-1780-4395-a405-f0606dc9042e" testListId="8c84fa94-04c1-424b-9868-57a2d4851a1d" />
    <TestEntry testId="ebc23c69-09fa-ba61-597a-bd979a25ade3" executionId="aa2f76ef-931b-4fbb-becb-a5561ef5119c" testListId="8c84fa94-04c1-424b-9868-57a2d4851a1d" />
    <TestEntry testId="81873771-9fe3-0f87-7c01-aaa59f1bc07f" executionId="e7e06731-7350-4266-88a5-e4c4897e99c5" testListId="8c84fa94-04c1-424b-9868-57a2d4851a1d" />
    <TestEntry testId="ab41cad7-0569-024e-6bf1-9f3534215206" executionId="800761bd-7d77-4d05-8bf7-cb9311e4dd38" testListId="8c84fa94-04c1-424b-9868-57a2d4851a1d" />
    <TestEntry testId="61f28dd2-e2cf-aed1-7fb7-f16f602b39f8" executionId="4f02f4e5-6b07-41d5-896e-8a4b5d7871d9" testListId="8c84fa94-04c1-424b-9868-57a2d4851a1d" />
    <TestEntry testId="ef1be392-533f-3115-3caa-2a6579c66d5e" executionId="e885dd76-f3e0-4833-847c-45465177aa51" testListId="8c84fa94-04c1-424b-9868-57a2d4851a1d" />
    <TestEntry testId="a828b198-62e4-69e2-0e7c-6af99e23db17" executionId="04130786-28d6-4c50-9142-2480e29061c0" testListId="8c84fa94-04c1-424b-9868-57a2d4851a1d" />
    <TestEntry testId="a9a45bf3-ddbf-0c3e-39f9-41a5747c220b" executionId="0125566f-9896-4b4b-b855-e7a3360f0507" testListId="8c84fa94-04c1-424b-9868-57a2d4851a1d" />
    <TestEntry testId="a897b593-bce4-fddc-d4ce-9c9e711eb1ba" executionId="c24781ef-b0a3-4a11-9a9b-fd775546fad9" testListId="8c84fa94-04c1-424b-9868-57a2d4851a1d" />
    <TestEntry testId="e2af2074-6186-43a3-7741-2b57f15a109a" executionId="bcbd2d42-a4ed-4c03-927e-b67d886c24cc" testListId="8c84fa94-04c1-424b-9868-57a2d4851a1d" />
    <TestEntry testId="33cf3c7a-6c95-cab8-547d-bc1e74d9b190" executionId="3eca8576-79d6-4cdf-8f03-acd439df02c5" testListId="8c84fa94-04c1-424b-9868-57a2d4851a1d" />
    <TestEntry testId="623facad-a7bf-788d-4a37-7412b352bd5e" executionId="33b1d063-3998-4d21-a3da-f0a6df85b580" testListId="8c84fa94-04c1-424b-9868-57a2d4851a1d" />
    <TestEntry testId="d3581637-0c3d-f8cb-e456-d23f5bc1619c" executionId="5525d369-8119-484a-8fee-6871a4e29745" testListId="8c84fa94-04c1-424b-9868-57a2d4851a1d" />
    <TestEntry testId="85a1a4fe-1e62-016e-1bb6-5ccfab3a01e6" executionId="97894041-c28f-455b-9db9-48482b88d511" testListId="8c84fa94-04c1-424b-9868-57a2d4851a1d" />
  </TestEntries>
  <Results>
    <UnitTestResult executionId="8d7e2114-1af2-4069-9e01-27d2894fb02b" testId="fd83e181-c551-a3c6-5eb3-b91cef938b9c" testName="Index" computerName="JAVI-PC" duration="00:00:00.0106360" startTime="2010-11-20T18:25:16.7119696+01:00" endTime="2010-11-20T18:25:16.8909798+01:00" testType="13cdc9d9-ddb5-4fa4-a97d-d965ccfc6d4b" outcome="Passed" testListId="8c84fa94-04c1-424b-9868-57a2d4851a1d" relativeResultsDirectory="8d7e2114-1af2-4069-9e01-27d2894fb02b">
    </UnitTestResult>
    <UnitTestResult executionId="080a90bf-ef7d-4b23-995a-30c748295969" testId="beff30fa-cc6a-0ad4-2e2d-3d8d75560c81" testName="PostSearch_CallsToGetTravelsMethodFromTravelsRepository" computerName="JAVI-PC" duration="00:00:00.1464119" startTime="2010-11-20T18:25:16.8919799+01:00" endTime="2010-11-20T18:25:17.0419884+01:00" testType="13cdc9d9-ddb5-4fa4-a97d-d965ccfc6d4b" outcome="Passed" testListId="8c84fa94-04c1-424b-9868-57a2d4851a1d" relativeResultsDirectory="080a90bf-ef7d-4b23-995a-30c748295969">
    </UnitTestResult>
    <UnitTestResult executionId="2953f659-cc43-415e-9832-ede985c41bbd" testId="ff01fa7f-3c72-140a-322a-c5220f494319" testName="Index_ReturnsTheProfilesList" computerName="JAVI-PC" duration="00:00:00.0608165" startTime="2010-11-20T18:25:17.0439886+01:00" endTime="2010-11-20T18:25:17.1079922+01:00" testType="13cdc9d9-ddb5-4fa4-a97d-d965ccfc6d4b" outcome="Passed" testListId="8c84fa94-04c1-424b-9868-57a2d4851a1d" relativeResultsDirectory="2953f659-cc43-415e-9832-ede985c41bbd">
    </UnitTestResult>
    <UnitTestResult executionId="15afc9d7-8ed3-4c97-ade9-b7e1b39b247c" testId="e2008a8f-0cdc-8108-03b0-612fd62516f7" testName="LogOn_Post_ReturnsViewIfValidateUserFails" computerName="JAVI-PC" duration="00:00:00.0025082" startTime="2010-11-20T18:25:17.1089923+01:00" endTime="2010-11-20T18:25:17.1149926+01:00" testType="13cdc9d9-ddb5-4fa4-a97d-d965ccfc6d4b" outcome="Passed" testListId="8c84fa94-04c1-424b-9868-57a2d4851a1d" relativeResultsDirectory="15afc9d7-8ed3-4c97-ade9-b7e1b39b247c">
    </UnitTestResult>
    <UnitTestResult executionId="1bb58262-89ce-45f1-8897-db57070d64fe" testId="ce3260ff-12ca-214f-e193-dc6a56d826aa" testName="Register_Get_ReturnsView" computerName="JAVI-PC" duration="00:00:00.0003904" startTime="2010-11-20T18:25:17.1169927+01:00" endTime="2010-11-20T18:25:17.1199929+01:00" testType="13cdc9d9-ddb5-4fa4-a97d-d965ccfc6d4b" outcome="Passed" testListId="8c84fa94-04c1-424b-9868-57a2d4851a1d" relativeResultsDirectory="1bb58262-89ce-45f1-8897-db57070d64fe">
    </UnitTestResult>
    <UnitTestResult executionId="c2cbff69-351d-490e-90d2-99ef3ee7d7be" testId="881b000d-b279-580f-6b1e-6829a9e8c2ed" testName="LogOn_Post_ReturnsViewIfModelStateIsInvalid" computerName="JAVI-PC" duration="00:00:00.0002559" startTime="2010-11-20T18:25:17.1209930+01:00" endTime="2010-11-20T18:25:17.1259932+01:00" testType="13cdc9d9-ddb5-4fa4-a97d-d965ccfc6d4b" outcome="Passed" testListId="8c84fa94-04c1-424b-9868-57a2d4851a1d" relativeResultsDirectory="c2cbff69-351d-490e-90d2-99ef3ee7d7be">
    </UnitTestResult>
    <UnitTestResult executionId="8041e26c-c0dd-44d7-aa0d-e3a4295ae5e5" testId="0b91ed8f-758e-ce8f-a5a0-42fcdba43eec" testName="LogOn_Get_ReturnsView" computerName="JAVI-PC" duration="00:00:00.0002351" startTime="2010-11-20T18:25:17.1269933+01:00" endTime="2010-11-20T18:25:17.1319936+01:00" testType="13cdc9d9-ddb5-4fa4-a97d-d965ccfc6d4b" outcome="Passed" testListId="8c84fa94-04c1-424b-9868-57a2d4851a1d" relativeResultsDirectory="8041e26c-c0dd-44d7-aa0d-e3a4295ae5e5">
    </UnitTestResult>
    <UnitTestResult executionId="368cec74-c490-463f-adc7-3ef31736345b" testId="2f1cf58f-7753-51a3-4cd1-bf5b856d8073" testName="PostSearch_ReturnsATravelList" computerName="JAVI-PC" duration="00:00:00.0156350" startTime="2010-11-20T18:25:17.1339937+01:00" endTime="2010-11-20T18:25:17.1529948+01:00" testType="13cdc9d9-ddb5-4fa4-a97d-d965ccfc6d4b" outcome="Failed" testListId="8c84fa94-04c1-424b-9868-57a2d4851a1d" relativeResultsDirectory="368cec74-c490-463f-adc7-3ef31736345b">
      <Output>
        <ErrorInfo>
          <Message>Assert.AreEqual failed. Expected:&lt;System.Collections.Generic.List`1[TravellerMind.Domain.Travel]&gt;. Actual:&lt;(null)&gt;. </Message>
          <StackTrace>   at TravellerMind.Tests.Controllers.SearcherControllerTest.PostSearch_ReturnsATravelList() in C:\Users\Javi\documents\visual studio 2010\Projects\TravellerMind\TravellerMind.Tests\Controllers\SearcherControllerTest.cs:line 67
</StackTrace>
        </ErrorInfo>
      </Output>
    </UnitTestResult>
    <UnitTestResult executionId="1e0daf75-0709-40ef-80c4-0339d524d1e4" testId="ac8402e8-6d2b-23b8-3ae7-c25a311e0818" testName="ChangePassword_Post_ReturnsViewIfModelStateIsInvalid" computerName="JAVI-PC" duration="00:00:00.0008046" startTime="2010-11-20T18:25:17.1539948+01:00" endTime="2010-11-20T18:25:17.1589951+01:00" testType="13cdc9d9-ddb5-4fa4-a97d-d965ccfc6d4b" outcome="Passed" testListId="8c84fa94-04c1-424b-9868-57a2d4851a1d" relativeResultsDirectory="1e0daf75-0709-40ef-80c4-0339d524d1e4">
    </UnitTestResult>
    <UnitTestResult executionId="cc7f9669-6e3a-454e-9ba4-83bd8b16c00f" testId="e8c8b2b5-2007-e855-03da-6d2032ef5a80" testName="Register_Post_ReturnsViewIfRegistrationFails" computerName="JAVI-PC" duration="00:00:00.0015180" startTime="2010-11-20T18:25:17.1709958+01:00" endTime="2010-11-20T18:25:17.1779962+01:00" testType="13cdc9d9-ddb5-4fa4-a97d-d965ccfc6d4b" outcome="Passed" testListId="8c84fa94-04c1-424b-9868-57a2d4851a1d" relativeResultsDirectory="cc7f9669-6e3a-454e-9ba4-83bd8b16c00f">
    </UnitTestResult>
    <UnitTestResult executionId="597bbeef-1780-4395-a405-f0606dc9042e" testId="7e641361-7495-7971-eee7-7c2d78e0205d" testName="LogOn_Post_ReturnsRedirectOnSuccess_WithoutReturnUrl" computerName="JAVI-PC" duration="00:00:00.0005435" startTime="2010-11-20T18:25:17.1789963+01:00" endTime="2010-11-20T18:25:17.1839966+01:00" testType="13cdc9d9-ddb5-4fa4-a97d-d965ccfc6d4b" outcome="Passed" testListId="8c84fa94-04c1-424b-9868-57a2d4851a1d" relativeResultsDirectory="597bbeef-1780-4395-a405-f0606dc9042e">
    </UnitTestResult>
    <UnitTestResult executionId="aa2f76ef-931b-4fbb-becb-a5561ef5119c" testId="ebc23c69-09fa-ba61-597a-bd979a25ade3" testName="LogOff_LogsOutAndRedirects" computerName="JAVI-PC" duration="00:00:00.0004101" startTime="2010-11-20T18:25:17.1859967+01:00" endTime="2010-11-20T18:25:17.1889968+01:00" testType="13cdc9d9-ddb5-4fa4-a97d-d965ccfc6d4b" outcome="Passed" testListId="8c84fa94-04c1-424b-9868-57a2d4851a1d" relativeResultsDirectory="aa2f76ef-931b-4fbb-becb-a5561ef5119c">
    </UnitTestResult>
    <UnitTestResult executionId="e7e06731-7350-4266-88a5-e4c4897e99c5" testId="81873771-9fe3-0f87-7c01-aaa59f1bc07f" testName="ChangePassword_Get_ReturnsView" computerName="JAVI-PC" duration="00:00:00.0003361" startTime="2010-11-20T18:25:17.1909970+01:00" endTime="2010-11-20T18:25:17.1949972+01:00" testType="13cdc9d9-ddb5-4fa4-a97d-d965ccfc6d4b" outcome="Passed" testListId="8c84fa94-04c1-424b-9868-57a2d4851a1d" relativeResultsDirectory="e7e06731-7350-4266-88a5-e4c4897e99c5">
    </UnitTestResult>
    <UnitTestResult executionId="800761bd-7d77-4d05-8bf7-cb9311e4dd38" testId="ab41cad7-0569-024e-6bf1-9f3534215206" testName="About" computerName="JAVI-PC" duration="00:00:00.0001932" startTime="2010-11-20T18:25:17.1959972+01:00" endTime="2010-11-20T18:25:17.1989974+01:00" testType="13cdc9d9-ddb5-4fa4-a97d-d965ccfc6d4b" outcome="Passed" testListId="8c84fa94-04c1-424b-9868-57a2d4851a1d" relativeResultsDirectory="800761bd-7d77-4d05-8bf7-cb9311e4dd38">
    </UnitTestResult>
    <UnitTestResult executionId="4f02f4e5-6b07-41d5-896e-8a4b5d7871d9" testId="61f28dd2-e2cf-aed1-7fb7-f16f602b39f8" testName="ProfilesController_ProfilesRepositoryIsNotNull" computerName="JAVI-PC" duration="00:00:00.0006343" startTime="2010-11-20T18:25:17.1999975+01:00" endTime="2010-11-20T18:25:17.2039977+01:00" testType="13cdc9d9-ddb5-4fa4-a97d-d965ccfc6d4b" outcome="Inconclusive" testListId="8c84fa94-04c1-424b-9868-57a2d4851a1d" relativeResultsDirectory="4f02f4e5-6b07-41d5-896e-8a4b5d7871d9">
      <Output>
        <ErrorInfo>
          <Message>Assert.Inconclusive failed. Utilizar la dll TestTools del framework para obtener la propiedad privada</Message>
          <StackTrace>   at TravellerMind.Tests.Controllers.ProfileControllerTest.ProfilesController_ProfilesRepositoryIsNotNull() in C:\Users\Javi\documents\visual studio 2010\Projects\TravellerMind\TravellerMind.Tests\Controllers\ProfileControllerTest.cs:line 20
</StackTrace>
        </ErrorInfo>
      </Output>
    </UnitTestResult>
    <UnitTestResult executionId="e885dd76-f3e0-4833-847c-45465177aa51" testId="ef1be392-533f-3115-3caa-2a6579c66d5e" testName="LogOn_Post_ReturnsRedirectOnSuccess_WithReturnUrl" computerName="JAVI-PC" duration="00:00:00.0003058" startTime="2010-11-20T18:25:17.2049978+01:00" endTime="2010-11-20T18:25:17.2079979+01:00" testType="13cdc9d9-ddb5-4fa4-a97d-d965ccfc6d4b" outcome="Passed" testListId="8c84fa94-04c1-424b-9868-57a2d4851a1d" relativeResultsDirectory="e885dd76-f3e0-4833-847c-45465177aa51">
    </UnitTestResult>
    <UnitTestResult executionId="04130786-28d6-4c50-9142-2480e29061c0" testId="a828b198-62e4-69e2-0e7c-6af99e23db17" testName="ChangePassword_Post_ReturnsRedirectOnSuccess" computerName="JAVI-PC" duration="00:00:00.0005125" startTime="2010-11-20T18:25:17.2089980+01:00" endTime="2010-11-20T18:25:17.2129982+01:00" testType="13cdc9d9-ddb5-4fa4-a97d-d965ccfc6d4b" outcome="Passed" testListId="8c84fa94-04c1-424b-9868-57a2d4851a1d" relativeResultsDirectory="04130786-28d6-4c50-9142-2480e29061c0">
    </UnitTestResult>
    <UnitTestResult executionId="0125566f-9896-4b4b-b855-e7a3360f0507" testId="a9a45bf3-ddbf-0c3e-39f9-41a5747c220b" testName="ChangePasswordSuccess_ReturnsView" computerName="JAVI-PC" duration="00:00:00.0002176" startTime="2010-11-20T18:25:17.2139983+01:00" endTime="2010-11-20T18:25:17.2169984+01:00" testType="13cdc9d9-ddb5-4fa4-a97d-d965ccfc6d4b" outcome="Passed" testListId="8c84fa94-04c1-424b-9868-57a2d4851a1d" relativeResultsDirectory="0125566f-9896-4b4b-b855-e7a3360f0507">
    </UnitTestResult>
    <UnitTestResult executionId="c24781ef-b0a3-4a11-9a9b-fd775546fad9" testId="a897b593-bce4-fddc-d4ce-9c9e711eb1ba" testName="Searcher_TravelRepositoryIsNotNull" computerName="JAVI-PC" duration="00:00:00.0005545" startTime="2010-11-20T18:25:17.2179985+01:00" endTime="2010-11-20T18:25:17.2219987+01:00" testType="13cdc9d9-ddb5-4fa4-a97d-d965ccfc6d4b" outcome="Inconclusive" testListId="8c84fa94-04c1-424b-9868-57a2d4851a1d" relativeResultsDirectory="c24781ef-b0a3-4a11-9a9b-fd775546fad9">
      <Output>
        <ErrorInfo>
          <Message>Assert.Inconclusive failed. Utilizar la dll TestTools del framework para obtener la propiedad privada</Message>
          <StackTrace>   at TravellerMind.Tests.Controllers.SearcherControllerTest.Searcher_TravelRepositoryIsNotNull() in C:\Users\Javi\documents\visual studio 2010\Projects\TravellerMind\TravellerMind.Tests\Controllers\SearcherControllerTest.cs:line 21
</StackTrace>
        </ErrorInfo>
      </Output>
    </UnitTestResult>
    <UnitTestResult executionId="bcbd2d42-a4ed-4c03-927e-b67d886c24cc" testId="e2af2074-6186-43a3-7741-2b57f15a109a" testName="Register_Post_ReturnsViewIfModelStateIsInvalid" computerName="JAVI-PC" duration="00:00:00.0003047" startTime="2010-11-20T18:25:17.2229988+01:00" endTime="2010-11-20T18:25:17.2259990+01:00" testType="13cdc9d9-ddb5-4fa4-a97d-d965ccfc6d4b" outcome="Passed" testListId="8c84fa94-04c1-424b-9868-57a2d4851a1d" relativeResultsDirectory="bcbd2d42-a4ed-4c03-927e-b67d886c24cc">
    </UnitTestResult>
    <UnitTestResult executionId="3eca8576-79d6-4cdf-8f03-acd439df02c5" testId="33cf3c7a-6c95-cab8-547d-bc1e74d9b190" testName="Index_ReturnsAView" computerName="JAVI-PC" duration="00:00:00.0002052" startTime="2010-11-20T18:25:17.2269990+01:00" endTime="2010-11-20T18:25:17.2299992+01:00" testType="13cdc9d9-ddb5-4fa4-a97d-d965ccfc6d4b" outcome="Passed" testListId="8c84fa94-04c1-424b-9868-57a2d4851a1d" relativeResultsDirectory="3eca8576-79d6-4cdf-8f03-acd439df02c5">
    </UnitTestResult>
    <UnitTestResult executionId="33b1d063-3998-4d21-a3da-f0a6df85b580" testId="623facad-a7bf-788d-4a37-7412b352bd5e" testName="ChangePassword_Post_ReturnsViewIfChangePasswordFails" computerName="JAVI-PC" duration="00:00:00.0003663" startTime="2010-11-20T18:25:17.2309992+01:00" endTime="2010-11-20T18:25:17.2339994+01:00" testType="13cdc9d9-ddb5-4fa4-a97d-d965ccfc6d4b" outcome="Passed" testListId="8c84fa94-04c1-424b-9868-57a2d4851a1d" relativeResultsDirectory="33b1d063-3998-4d21-a3da-f0a6df85b580">
    </UnitTestResult>
    <UnitTestResult executionId="5525d369-8119-484a-8fee-6871a4e29745" testId="d3581637-0c3d-f8cb-e456-d23f5bc1619c" testName="Register_Post_ReturnsRedirectOnSuccess" computerName="JAVI-PC" duration="00:00:00.0004094" startTime="2010-11-20T18:25:17.2349995+01:00" endTime="2010-11-20T18:25:17.2399998+01:00" testType="13cdc9d9-ddb5-4fa4-a97d-d965ccfc6d4b" outcome="Passed" testListId="8c84fa94-04c1-424b-9868-57a2d4851a1d" relativeResultsDirectory="5525d369-8119-484a-8fee-6871a4e29745">
    </UnitTestResult>
    <UnitTestResult executionId="97894041-c28f-455b-9db9-48482b88d511" testId="85a1a4fe-1e62-016e-1bb6-5ccfab3a01e6" testName="Index_CallsToGetAllMethod" computerName="JAVI-PC" duration="00:00:00.0015009" startTime="2010-11-20T18:25:17.2399998+01:00" endTime="2010-11-20T18:25:17.2450000+01:00" testType="13cdc9d9-ddb5-4fa4-a97d-d965ccfc6d4b" outcome="Passed" testListId="8c84fa94-04c1-424b-9868-57a2d4851a1d" relativeResultsDirectory="97894041-c28f-455b-9db9-48482b88d511">
    </UnitTestResult>
  </Results>
</TestRun>