<?xml version="1.0" encoding="UTF-8"?>
<TestRun id="e67cc5c2-225b-4f59-9b5f-bccecf5ae525" name="Javi@JAVI-PC 2010-11-20 18:38:10" runUser="Javi-PC\Javi" xmlns="http://microsoft.com/schemas/VisualStudio/TeamTest/2010">
  <TestSettings name="Local" id="46797288-f956-462d-9a45-2c13fca839e0">
    <Description>These are default test settings for a local test run.</Description>
    <Deployment userDeploymentRoot="C:\Users\Javi\documents\visual studio 2010\Projects\TravellerMind\TestResults" useDefaultDeploymentRoot="false" enabled="false" runDeploymentRoot="Javi_JAVI-PC 2010-11-20 18_38_10">
      <DeploymentItem filename="c:\users\javi\documents\visual studio 2010\Projects\TravellerMind\TravellerMind.Infrastructure\bin\TravellerMind.Infrastructure.dll" />
      <DeploymentItem filename="C:\Users\Javi\documents\visual studio 2010\Projects\TravellerMind\TravellerMind.Infrastructure\bin\TravellerMind.Infrastructure.dll" />
      <DeploymentItem filename="c:\users\javi\documents\visual studio 2010\Projects\TravellerMind\TravellerMind.Domain\bin\Debug\TravellerMind.Domain.dll" />
      <DeploymentItem filename="C:\Users\Javi\documents\visual studio 2010\Projects\TravellerMind\libraries\RhinoMocks\Rhino.Mocks.dll" />
      <DeploymentItem filename="c:\users\javi\documents\visual studio 2010\Projects\TravellerMind\TravellerMind\bin\TravellerMind.Web.dll" />
      <DeploymentItem filename="C:\Users\Javi\documents\visual studio 2010\Projects\TravellerMind\TravellerMind.Domain\bin\Debug\TravellerMind.Domain.dll" />
    </Deployment>
    <Execution>
      <TestTypeSpecific />
      <AgentRule name="Execution Agents">
      </AgentRule>
    </Execution>
  </TestSettings>
  <Times creation="2010-11-20T18:38:10.1521295+01:00" queuing="2010-11-20T18:38:10.1833295+01:00" start="2010-11-20T18:38:10.1989296+01:00" finish="2010-11-20T18:38:10.6045303+01:00" />
  <ResultSummary outcome="Failed">
    <Counters total="2" executed="2" error="0" failed="1" timeout="0" aborted="0" inconclusive="1" passedButRunAborted="0" notRunnable="0" notExecuted="0" disconnected="0" warning="0" passed="0" completed="0" inProgress="0" pending="0" />
  </ResultSummary>
  <TestDefinitions>
    <UnitTest name="GetTravels_ReturnsAnEmptyList" storage="c:\users\javi\documents\visual studio 2010\projects\travellermind\travellermind.infrastructure.tests\bin\debug\travellermind.infrastructure.tests.dll" id="369cf8eb-9ce3-0b62-edf6-98a5fdf0a64c">
      <Execution id="87257691-d0b6-497c-8694-4cac0c67e511" />
      <TestMethod codeBase="C:/Users/Javi/documents/visual studio 2010/Projects/TravellerMind/TravellerMind.Infrastructure.Tests/bin/Debug/TravellerMind.Infrastructure.Tests.DLL" adapterTypeName="Microsoft.VisualStudio.TestTools.TestTypes.Unit.UnitTestAdapter, Microsoft.VisualStudio.QualityTools.Tips.UnitTest.Adapter, Version=10.0.0.0, Culture=neutral, PublicKeyToken=b03f5f7f11d50a3a" className="TravellerMind.Infrastructure.Tests.Repositories.TravelsRepositoryTest, TravellerMind.Infrastructure.Tests, Version=1.0.0.0, Culture=neutral, PublicKeyToken=null" name="GetTravels_ReturnsAnEmptyList" />
    </UnitTest>
    <UnitTest name="Searcher_TravelRepositoryIsNotNull" storage="c:\users\javi\documents\visual studio 2010\projects\travellermind\travellermind.tests\bin\debug\travellermind.tests.dll" id="a897b593-bce4-fddc-d4ce-9c9e711eb1ba">
      <Execution id="b389eb2b-25de-463f-9627-4195f4abc907" />
      <TestMethod codeBase="C:/Users/Javi/documents/visual studio 2010/Projects/TravellerMind/TravellerMind.Tests/bin/Debug/TravellerMind.Tests.DLL" adapterTypeName="Microsoft.VisualStudio.TestTools.TestTypes.Unit.UnitTestAdapter, Microsoft.VisualStudio.QualityTools.Tips.UnitTest.Adapter, Version=10.0.0.0, Culture=neutral, PublicKeyToken=b03f5f7f11d50a3a" className="TravellerMind.Tests.Controllers.SearcherControllerTest, TravellerMind.Tests, Version=1.0.0.0, Culture=neutral, PublicKeyToken=null" name="Searcher_TravelRepositoryIsNotNull" />
    </UnitTest>
  </TestDefinitions>
  <TestLists>
    <TestList name="Results Not in a List" id="8c84fa94-04c1-424b-9868-57a2d4851a1d" />
    <TestList name="All Loaded Results" id="19431567-8539-422a-85d7-44ee4e166bda" />
  </TestLists>
  <TestEntries>
    <TestEntry testId="369cf8eb-9ce3-0b62-edf6-98a5fdf0a64c" executionId="87257691-d0b6-497c-8694-4cac0c67e511" testListId="8c84fa94-04c1-424b-9868-57a2d4851a1d" />
    <TestEntry testId="a897b593-bce4-fddc-d4ce-9c9e711eb1ba" executionId="b389eb2b-25de-463f-9627-4195f4abc907" testListId="8c84fa94-04c1-424b-9868-57a2d4851a1d" />
  </TestEntries>
  <Results>
    <UnitTestResult executionId="87257691-d0b6-497c-8694-4cac0c67e511" testId="369cf8eb-9ce3-0b62-edf6-98a5fdf0a64c" testName="GetTravels_ReturnsAnEmptyList" computerName="JAVI-PC" duration="00:00:00.0260705" startTime="2010-11-20T18:38:10.1989296+01:00" endTime="2010-11-20T18:38:10.3861299+01:00" testType="13cdc9d9-ddb5-4fa4-a97d-d965ccfc6d4b" outcome="Failed" testListId="8c84fa94-04c1-424b-9868-57a2d4851a1d" relativeResultsDirectory="87257691-d0b6-497c-8694-4cac0c67e511">
      <Output>
        <ErrorInfo>
          <Message>Test method TravellerMind.Infrastructure.Tests.Repositories.TravelsRepositoryTest.GetTravels_ReturnsAnEmptyList threw exception: 
System.NotImplementedException: The method or operation is not implemented.</Message>
          <StackTrace>    at TravellerMind.Infrastructure.Repositories.TravelsRepository.GetTravels(Search search) in C:\Users\Javi\documents\visual studio 2010\Projects\TravellerMind\TravellerMind.Infrastructure\Repositories\TravelsRepository.cs:line 13
   at TravellerMind.Infrastructure.Tests.Repositories.TravelsRepositoryTest.GetTravels_ReturnsAnEmptyList() in C:\Users\Javi\documents\visual studio 2010\Projects\TravellerMind\TravellerMind.Infrastructure.Tests\Repositories\TravelsRepositoryTest.cs:line 15
</StackTrace>
        </ErrorInfo>
      </Output>
    </UnitTestResult>
    <UnitTestResult executionId="b389eb2b-25de-463f-9627-4195f4abc907" testId="a897b593-bce4-fddc-d4ce-9c9e711eb1ba" testName="Searcher_TravelRepositoryIsNotNull" computerName="JAVI-PC" duration="00:00:00.0179737" startTime="2010-11-20T18:38:10.3861299+01:00" endTime="2010-11-20T18:38:10.5889302+01:00" testType="13cdc9d9-ddb5-4fa4-a97d-d965ccfc6d4b" outcome="Inconclusive" testListId="8c84fa94-04c1-424b-9868-57a2d4851a1d" relativeResultsDirectory="b389eb2b-25de-463f-9627-4195f4abc907">
      <Output>
        <ErrorInfo>
          <Message>Assert.Inconclusive failed. Utilizar la dll TestTools del framework para obtener la propiedad privada</Message>
          <StackTrace>   at TravellerMind.Tests.Controllers.SearcherControllerTest.Searcher_TravelRepositoryIsNotNull() in C:\Users\Javi\documents\visual studio 2010\Projects\TravellerMind\TravellerMind.Tests\Controllers\SearcherControllerTest.cs:line 21
</StackTrace>
        </ErrorInfo>
      </Output>
    </UnitTestResult>
  </Results>
</TestRun>